app/build/intermediates/manifest_merge_blame_file/debug/manifest-merger-blame-debug-report.txt
1<?xml version="1.0" encoding="utf-8"?>
2<manifest xmlns:android="http://schemas.android.com/apk/res/android"
3    package="edu.mx.dsm.ti.ddi.practica4_200559"
4    android:versionCode="1"
5    android:versionName="1.0" >
6
7    <uses-sdk
8        android:minSdkVersion="30"
8-->src\main\AndroidManifest.xml
9        android:targetSdkVersion="33" />
9-->src\main\AndroidManifest.xml
10
11    <uses-feature android:name="android.hardware.type.watch" />
11-->src\main\AndroidManifest.xml:4:5-64
11-->src\main\AndroidManifest.xml:4:19-61
12
13    <uses-permission android:name="android.permission.WAKE_LOCK" />
13-->src\main\AndroidManifest.xml:6:5-68
13-->src\main\AndroidManifest.xml:6:22-65
14
15    <permission
15-->[androidx.core:core:1.9.0] AndroidManifest.xml:22:5-24:47
16        android:name="edu.mx.dsm.ti.ddi.practica4_200559.DYNAMIC_RECEIVER_NOT_EXPORTED_PERMISSION"
16-->[androidx.core:core:1.9.0] AndroidManifest.xml:23:9-81
17        android:protectionLevel="signature" />
17-->[androidx.core:core:1.9.0] AndroidManifest.xml:24:9-44
18
19    <uses-permission android:name="edu.mx.dsm.ti.ddi.practica4_200559.DYNAMIC_RECEIVER_NOT_EXPORTED_PERMISSION" />
19-->[androidx.core:core:1.9.0] AndroidManifest.xml:26:5-97
19-->[androidx.core:core:1.9.0] AndroidManifest.xml:26:22-94
20
21    <queries>
21-->[androidx.wear.tiles:tiles:1.1.0] AndroidManifest.xml:7:5-11:15
22        <intent>
22-->[androidx.wear.tiles:tiles:1.1.0] AndroidManifest.xml:8:9-10:18
23            <action android:name="androidx.wear.tiles.action.BIND_UPDATE_REQUESTER" />
23-->[androidx.wear.tiles:tiles:1.1.0] AndroidManifest.xml:9:13-87
23-->[androidx.wear.tiles:tiles:1.1.0] AndroidManifest.xml:9:21-84
24        </intent>
25    </queries>
26
27    <application
27-->src\main\AndroidManifest.xml:8:5-66:19
28        android:allowBackup="true"
28-->src\main\AndroidManifest.xml:9:9-35
29        android:appComponentFactory="androidx.core.app.CoreComponentFactory"
29-->[androidx.core:core:1.9.0] AndroidManifest.xml:28:18-86
30        android:debuggable="true"
31        android:extractNativeLibs="false"
32        android:icon="@mipmap/ic_launcher"
32-->src\main\AndroidManifest.xml:10:9-43
33        android:label="@string/app_name"
33-->src\main\AndroidManifest.xml:11:9-41
34        android:supportsRtl="true"
34-->src\main\AndroidManifest.xml:12:9-35
35        android:testOnly="true"
36        android:theme="@android:style/Theme.DeviceDefault" >
36-->src\main\AndroidManifest.xml:13:9-59
37        <service
37-->src\main\AndroidManifest.xml:14:9-29:19
38            android:name="edu.mx.dsm.ti.ddi.practica4_200559.complication.MainComplicationService"
38-->src\main\AndroidManifest.xml:15:13-65
39            android:exported="true"
39-->src\main\AndroidManifest.xml:16:13-36
40            android:label="@string/complication_label"
40-->src\main\AndroidManifest.xml:17:13-55
41            android:permission="com.google.android.wearable.permission.BIND_COMPLICATION_PROVIDER" >
41-->src\main\AndroidManifest.xml:18:13-99
42            <intent-filter>
42-->src\main\AndroidManifest.xml:19:13-21:29
43                <action android:name="android.support.wearable.complications.ACTION_COMPLICATION_UPDATE_REQUEST" />
43-->src\main\AndroidManifest.xml:20:17-116
43-->src\main\AndroidManifest.xml:20:25-113
44            </intent-filter>
45
46            <meta-data
46-->src\main\AndroidManifest.xml:23:13-25:46
47                android:name="android.support.wearable.complications.SUPPORTED_TYPES"
47-->src\main\AndroidManifest.xml:24:17-86
48                android:value="SHORT_TEXT" />
48-->src\main\AndroidManifest.xml:25:17-43
49            <meta-data
49-->src\main\AndroidManifest.xml:26:13-28:37
50                android:name="android.support.wearable.complications.UPDATE_PERIOD_SECONDS"
50-->src\main\AndroidManifest.xml:27:17-92
51                android:value="0" />
51-->src\main\AndroidManifest.xml:28:17-34
52        </service>
53        <service
53-->src\main\AndroidManifest.xml:30:9-42:19
54            android:name="edu.mx.dsm.ti.ddi.practica4_200559.tile.MainTileService"
54-->src\main\AndroidManifest.xml:31:13-49
55            android:exported="true"
55-->src\main\AndroidManifest.xml:32:13-36
56            android:label="@string/tile_label"
56-->src\main\AndroidManifest.xml:33:13-47
57            android:permission="com.google.android.wearable.permission.BIND_TILE_PROVIDER" >
57-->src\main\AndroidManifest.xml:34:13-91
58            <intent-filter>
58-->src\main\AndroidManifest.xml:35:13-37:29
59                <action android:name="androidx.wear.tiles.action.BIND_TILE_PROVIDER" />
59-->src\main\AndroidManifest.xml:36:17-88
59-->src\main\AndroidManifest.xml:36:25-85
60            </intent-filter>
61
62            <meta-data
62-->src\main\AndroidManifest.xml:39:13-41:61
63                android:name="androidx.wear.tiles.PREVIEW"
63-->src\main\AndroidManifest.xml:40:17-59
64                android:resource="@drawable/tile_preview" />
64-->src\main\AndroidManifest.xml:41:17-58
65        </service>
66
67        <uses-library
67-->src\main\AndroidManifest.xml:44:9-46:39
68            android:name="com.google.android.wearable"
68-->src\main\AndroidManifest.xml:45:13-55
69            android:required="true" />
69-->src\main\AndroidManifest.xml:46:13-36
70        <!--
71               Set to true if your app is Standalone, that is, it does not require the handheld
72               app to run.
73        -->
74        <meta-data
74-->src\main\AndroidManifest.xml:51:9-53:36
75            android:name="com.google.android.wearable.standalone"
75-->src\main\AndroidManifest.xml:52:13-66
76            android:value="true" />
76-->src\main\AndroidManifest.xml:53:13-33
77
78        <activity
78-->src\main\AndroidManifest.xml:55:9-65:20
79            android:name="edu.mx.dsm.ti.ddi.practica4_200559.presentation.MainActivity"
79-->src\main\AndroidManifest.xml:56:13-54
80            android:exported="true"
80-->src\main\AndroidManifest.xml:57:13-36
81            android:label="@string/app_name"
81-->src\main\AndroidManifest.xml:58:13-45
82            android:theme="@style/AppTheme" >
82-->src\main\AndroidManifest.xml:59:13-44
83            <intent-filter>
83-->src\main\AndroidManifest.xml:60:13-64:29
84                <action android:name="android.intent.action.MAIN" />
84-->src\main\AndroidManifest.xml:61:17-69
84-->src\main\AndroidManifest.xml:61:25-66
85
86                <category android:name="android.intent.category.LAUNCHER" />
86-->src\main\AndroidManifest.xml:63:17-77
86-->src\main\AndroidManifest.xml:63:27-74
87            </intent-filter>
88        </activity>
89        <activity
89-->[androidx.compose.ui:ui-tooling:1.3.0] AndroidManifest.xml:23:9-25:39
90            android:name="androidx.compose.ui.tooling.PreviewActivity"
90-->[androidx.compose.ui:ui-tooling:1.3.0] AndroidManifest.xml:24:13-71
91            android:exported="true" />
91-->[androidx.compose.ui:ui-tooling:1.3.0] AndroidManifest.xml:25:13-36
92        <activity
92-->[androidx.compose.ui:ui-test-manifest:1.3.0] AndroidManifest.xml:23:9-25:39
93            android:name="androidx.activity.ComponentActivity"
93-->[androidx.compose.ui:ui-test-manifest:1.3.0] AndroidManifest.xml:24:13-63
94            android:exported="true" />
94-->[androidx.compose.ui:ui-test-manifest:1.3.0] AndroidManifest.xml:25:13-36
95        <activity
95-->[com.google.android.gms:play-services-base:18.0.1] AndroidManifest.xml:20:9-22:45
96            android:name="com.google.android.gms.common.api.GoogleApiActivity"
96-->[com.google.android.gms:play-services-base:18.0.1] AndroidManifest.xml:20:19-85
97            android:exported="false"
97-->[com.google.android.gms:play-services-base:18.0.1] AndroidManifest.xml:22:19-43
98            android:theme="@android:style/Theme.Translucent.NoTitleBar" />
98-->[com.google.android.gms:play-services-base:18.0.1] AndroidManifest.xml:21:19-78
99
100        <meta-data
100-->[com.google.android.gms:play-services-basement:18.0.0] AndroidManifest.xml:21:9-23:69
101            android:name="com.google.android.gms.version"
101-->[com.google.android.gms:play-services-basement:18.0.0] AndroidManifest.xml:22:13-58
102            android:value="@integer/google_play_services_version" />
102-->[com.google.android.gms:play-services-basement:18.0.0] AndroidManifest.xml:23:13-66
103
104        <provider
104-->[androidx.emoji2:emoji2:1.2.0] AndroidManifest.xml:24:9-32:20
105            android:name="androidx.startup.InitializationProvider"
105-->[androidx.emoji2:emoji2:1.2.0] AndroidManifest.xml:25:13-67
106            android:authorities="edu.mx.dsm.ti.ddi.practica4_200559.androidx-startup"
106-->[androidx.emoji2:emoji2:1.2.0] AndroidManifest.xml:26:13-68
107            android:exported="false" >
107-->[androidx.emoji2:emoji2:1.2.0] AndroidManifest.xml:27:13-37
108            <meta-data
108-->[androidx.emoji2:emoji2:1.2.0] AndroidManifest.xml:29:13-31:52
109                android:name="androidx.emoji2.text.EmojiCompatInitializer"
109-->[androidx.emoji2:emoji2:1.2.0] AndroidManifest.xml:30:17-75
110                android:value="androidx.startup" />
110-->[androidx.emoji2:emoji2:1.2.0] AndroidManifest.xml:31:17-49
111            <meta-data
111-->[androidx.profileinstaller:profileinstaller:1.2.0] AndroidManifest.xml:30:13-32:52
112                android:name="androidx.profileinstaller.ProfileInstallerInitializer"
112-->[androidx.profileinstaller:profileinstaller:1.2.0] AndroidManifest.xml:31:17-85
113                android:value="androidx.startup" />
113-->[androidx.profileinstaller:profileinstaller:1.2.0] AndroidManifest.xml:32:17-49
114            <meta-data
114-->[androidx.lifecycle:lifecycle-process:2.4.1] AndroidManifest.xml:31:13-33:52
115                android:name="androidx.lifecycle.ProcessLifecycleInitializer"
115-->[androidx.lifecycle:lifecycle-process:2.4.1] AndroidManifest.xml:32:17-78
116                android:value="androidx.startup" />
116-->[androidx.lifecycle:lifecycle-process:2.4.1] AndroidManifest.xml:33:17-49
117        </provider>
118
119        <receiver
119-->[androidx.profileinstaller:profileinstaller:1.2.0] AndroidManifest.xml:35:9-47:20
120            android:name="androidx.profileinstaller.ProfileInstallReceiver"
120-->[androidx.profileinstaller:profileinstaller:1.2.0] AndroidManifest.xml:36:13-76
121            android:directBootAware="false"
121-->[androidx.profileinstaller:profileinstaller:1.2.0] AndroidManifest.xml:37:13-44
122            android:enabled="true"
122-->[androidx.profileinstaller:profileinstaller:1.2.0] AndroidManifest.xml:38:13-35
123            android:exported="true"
123-->[androidx.profileinstaller:profileinstaller:1.2.0] AndroidManifest.xml:39:13-36
124            android:permission="android.permission.DUMP" >
124-->[androidx.profileinstaller:profileinstaller:1.2.0] AndroidManifest.xml:40:13-57
125            <intent-filter>
125-->[androidx.profileinstaller:profileinstaller:1.2.0] AndroidManifest.xml:41:13-43:29
126                <action android:name="androidx.profileinstaller.action.INSTALL_PROFILE" />
126-->[androidx.profileinstaller:profileinstaller:1.2.0] AndroidManifest.xml:42:17-91
126-->[androidx.profileinstaller:profileinstaller:1.2.0] AndroidManifest.xml:42:25-88
127            </intent-filter>
128            <intent-filter>
128-->[androidx.profileinstaller:profileinstaller:1.2.0] AndroidManifest.xml:44:13-46:29
129                <action android:name="androidx.profileinstaller.action.SKIP_FILE" />
129-->[androidx.profileinstaller:profileinstaller:1.2.0] AndroidManifest.xml:45:17-85
129-->[androidx.profileinstaller:profileinstaller:1.2.0] AndroidManifest.xml:45:25-82
130            </intent-filter>
131        </receiver>
132    </application>
133
134</manifest>